<?xml version="1.0" encoding="UTF-8"?>
<testng-results ignored="1" total="3" passed="2" failed="0" skipped="0">
  <reporter-output>
  </reporter-output>
  <suite started-at="2022-09-02T08:24:21 IST" name="Default suite" finished-at="2022-09-02T08:24:35 IST" duration-ms="14233">
    <groups>
    </groups>
    <test started-at="2022-09-02T08:24:21 IST" name="Default test" finished-at="2022-09-02T08:24:35 IST" duration-ms="14233">
      <class name="com.OrangeHRM.qa.testcases.LoginPageTest">
        <test-method is-config="true" signature="setUP()[pri:0, instance:com.OrangeHRM.qa.testcases.LoginPageTest@7f0eb4b4]" started-at="2022-09-02T08:24:21 IST" name="setUP" finished-at="2022-09-02T08:24:28 IST" duration-ms="6941" status="PASS">
          <reporter-output>
          </reporter-output>
        </test-method> <!-- setUP -->
        <test-method signature="loinPageTitleTest()[pri:1, instance:com.OrangeHRM.qa.testcases.LoginPageTest@7f0eb4b4]" started-at="2022-09-02T08:24:28 IST" name="loinPageTitleTest" finished-at="2022-09-02T08:24:28 IST" duration-ms="16" status="PASS">
          <reporter-output>
          </reporter-output>
        </test-method> <!-- loinPageTitleTest -->
        <test-method is-config="true" signature="tearDown()[pri:0, instance:com.OrangeHRM.qa.testcases.LoginPageTest@7f0eb4b4]" started-at="2022-09-02T08:24:28 IST" name="tearDown" finished-at="2022-09-02T08:24:28 IST" duration-ms="189" status="PASS">
          <reporter-output>
          </reporter-output>
        </test-method> <!-- tearDown -->
        <test-method is-config="true" signature="setUP()[pri:0, instance:com.OrangeHRM.qa.testcases.LoginPageTest@7f0eb4b4]" started-at="2022-09-02T08:24:28 IST" name="setUP" finished-at="2022-09-02T08:24:34 IST" duration-ms="5894" status="PASS">
          <reporter-output>
          </reporter-output>
        </test-method> <!-- setUP -->
        <test-method signature="loginTest()[pri:3, instance:com.OrangeHRM.qa.testcases.LoginPageTest@7f0eb4b4]" started-at="2022-09-02T08:24:34 IST" name="loginTest" finished-at="2022-09-02T08:24:35 IST" duration-ms="946" status="PASS">
          <reporter-output>
          </reporter-output>
        </test-method> <!-- loginTest -->
        <test-method is-config="true" signature="tearDown()[pri:0, instance:com.OrangeHRM.qa.testcases.LoginPageTest@7f0eb4b4]" started-at="2022-09-02T08:24:35 IST" name="tearDown" finished-at="2022-09-02T08:24:35 IST" duration-ms="192" status="PASS">
          <reporter-output>
          </reporter-output>
        </test-method> <!-- tearDown -->
      </class> <!-- com.OrangeHRM.qa.testcases.LoginPageTest -->
    </test> <!-- Default test -->
  </suite> <!-- Default suite -->
</testng-results>
